{"level":40,"time":1670444768648,"pid":1365,"hostname":"MacBook-Pro-de-Christian.local","msg":"Ruta GET /favicon.ico no está implementada"}
{"level":40,"time":1670444778466,"pid":1365,"hostname":"MacBook-Pro-de-Christian.local","msg":"Ruta GET /favicon.ico no está implementada"}
{"level":40,"time":1670444785053,"pid":1365,"hostname":"MacBook-Pro-de-Christian.local","msg":"Ruta GET /favicon.ico no está implementada"}
{"level":40,"time":1670444786169,"pid":1365,"hostname":"MacBook-Pro-de-Christian.local","msg":"Ruta GET /favicon.ico no está implementada"}
{"level":40,"time":1670449355423,"pid":3116,"hostname":"MacBook-Pro-de-Christian.local","msg":"Ruta GET /favicon.ico no está implementada"}
{"level":40,"time":1670449363573,"pid":3116,"hostname":"MacBook-Pro-de-Christian.local","msg":"Ruta GET /errorLogIn no está implementada"}
{"level":40,"time":1670449364499,"pid":3116,"hostname":"MacBook-Pro-de-Christian.local","msg":"Ruta GET /favicon.ico no está implementada"}
{"level":40,"time":1670449445325,"pid":3144,"hostname":"MacBook-Pro-de-Christian.local","msg":"Ruta GET /errorLogIn no está implementada"}
{"level":40,"time":1670449445904,"pid":3144,"hostname":"MacBook-Pro-de-Christian.local","msg":"Ruta GET /favicon.ico no está implementada"}
{"level":40,"time":1670449452810,"pid":3144,"hostname":"MacBook-Pro-de-Christian.local","msg":"Ruta GET /favicon.ico no está implementada"}
{"level":40,"time":1670449459532,"pid":3144,"hostname":"MacBook-Pro-de-Christian.local","msg":"Ruta GET /favicon.ico no está implementada"}
{"level":40,"time":1670449461482,"pid":3144,"hostname":"MacBook-Pro-de-Christian.local","msg":"Ruta GET /favicon.ico no está implementada"}
{"level":40,"time":1670474985958,"pid":3432,"hostname":"MacBook-Pro-de-Christian.local","msg":"Ruta GET /favicon.ico no está implementada"}
{"level":40,"time":1670475003811,"pid":3432,"hostname":"MacBook-Pro-de-Christian.local","msg":"Ruta GET /favicon.ico no está implementada"}
{"level":40,"time":1670475005572,"pid":3432,"hostname":"MacBook-Pro-de-Christian.local","msg":"Ruta GET /favicon.ico no está implementada"}
{"level":40,"time":1670475006795,"pid":3432,"hostname":"MacBook-Pro-de-Christian.local","msg":"Ruta GET /favicon.ico no está implementada"}
{"level":40,"time":1670475165242,"pid":3531,"hostname":"MacBook-Pro-de-Christian.local","msg":"Ruta GET /favicon.ico no está implementada"}
{"level":40,"time":1670475174041,"pid":3531,"hostname":"MacBook-Pro-de-Christian.local","msg":"Ruta GET /favicon.ico no está implementada"}
{"level":40,"time":1670475174355,"pid":3531,"hostname":"MacBook-Pro-de-Christian.local","msg":"Ruta GET /favicon.ico no está implementada"}
{"level":40,"time":1670475175531,"pid":3531,"hostname":"MacBook-Pro-de-Christian.local","msg":"Ruta GET /favicon.ico no está implementada"}
{"level":40,"time":1670475179200,"pid":3531,"hostname":"MacBook-Pro-de-Christian.local","msg":"Ruta GET /favicon.ico no está implementada"}
{"level":40,"time":1670475185092,"pid":3531,"hostname":"MacBook-Pro-de-Christian.local","msg":"Ruta GET /favicon.ico no está implementada"}
{"level":40,"time":1670475186045,"pid":3531,"hostname":"MacBook-Pro-de-Christian.local","msg":"Ruta GET /favicon.ico no está implementada"}
{"level":40,"time":1670475744844,"pid":3769,"hostname":"MacBook-Pro-de-Christian.local","msg":"Ruta GET /favicon.ico no está implementada"}
{"level":40,"time":1670475746734,"pid":3769,"hostname":"MacBook-Pro-de-Christian.local","msg":"Ruta GET /signup no está implementada"}
{"level":40,"time":1670475746889,"pid":3769,"hostname":"MacBook-Pro-de-Christian.local","msg":"Ruta GET /favicon.ico no está implementada"}
{"level":40,"time":1670475752243,"pid":3769,"hostname":"MacBook-Pro-de-Christian.local","msg":"Ruta GET /favicon.ico no está implementada"}
{"level":40,"time":1670475866195,"pid":3804,"hostname":"MacBook-Pro-de-Christian.local","msg":"Ruta GET /favicon.ico no está implementada"}
{"level":40,"time":1670475869976,"pid":3804,"hostname":"MacBook-Pro-de-Christian.local","msg":"Ruta GET /favicon.ico no está implementada"}
{"level":40,"time":1670475872234,"pid":3804,"hostname":"MacBook-Pro-de-Christian.local","msg":"Ruta GET /favicon.ico no está implementada"}
{"level":40,"time":1670475880313,"pid":3804,"hostname":"MacBook-Pro-de-Christian.local","msg":"Ruta GET /favicon.ico no está implementada"}
{"level":40,"time":1670475883079,"pid":3804,"hostname":"MacBook-Pro-de-Christian.local","msg":"Ruta GET /favicon.ico no está implementada"}
{"level":40,"time":1670475900425,"pid":3804,"hostname":"MacBook-Pro-de-Christian.local","msg":"Ruta GET /favicon.ico no está implementada"}
{"level":40,"time":1670475903188,"pid":3804,"hostname":"MacBook-Pro-de-Christian.local","msg":"Ruta GET /favicon.ico no está implementada"}
{"level":40,"time":1670475904330,"pid":3804,"hostname":"MacBook-Pro-de-Christian.local","msg":"Ruta GET /favicon.ico no está implementada"}
{"level":40,"time":1670518883488,"pid":4247,"hostname":"MacBook-Pro-de-Christian.local","msg":"Ruta GET /favicon.ico no está implementada"}
{"level":40,"time":1670518890407,"pid":4247,"hostname":"MacBook-Pro-de-Christian.local","msg":"Ruta GET /favicon.ico no está implementada"}
{"level":40,"time":1670518894559,"pid":4247,"hostname":"MacBook-Pro-de-Christian.local","msg":"Ruta GET /favicon.ico no está implementada"}
{"level":40,"time":1670518895544,"pid":4247,"hostname":"MacBook-Pro-de-Christian.local","msg":"Ruta GET /favicon.ico no está implementada"}
{"level":40,"time":1670518995760,"pid":4291,"hostname":"MacBook-Pro-de-Christian.local","msg":"Ruta GET /favicon.ico no está implementada"}
{"level":40,"time":1670519001926,"pid":4291,"hostname":"MacBook-Pro-de-Christian.local","msg":"Ruta GET /favicon.ico no está implementada"}
{"level":40,"time":1670519013999,"pid":4291,"hostname":"MacBook-Pro-de-Christian.local","msg":"Ruta GET /favicon.ico no está implementada"}
{"level":40,"time":1670519025053,"pid":4291,"hostname":"MacBook-Pro-de-Christian.local","msg":"Ruta GET /favicon.ico no está implementada"}
{"level":40,"time":1670519030896,"pid":4291,"hostname":"MacBook-Pro-de-Christian.local","msg":"Ruta GET /favicon.ico no está implementada"}
{"level":40,"time":1670519031681,"pid":4291,"hostname":"MacBook-Pro-de-Christian.local","msg":"Ruta GET /favicon.ico no está implementada"}
{"level":40,"time":1670519582866,"pid":4459,"hostname":"MacBook-Pro-de-Christian.local","msg":"Ruta GET /favicon.ico no está implementada"}
{"level":40,"time":1670519668015,"pid":4521,"hostname":"MacBook-Pro-de-Christian.local","msg":"Ruta GET /favicon.ico no está implementada"}
{"level":40,"time":1670520355998,"pid":4710,"hostname":"MacBook-Pro-de-Christian.local","msg":"Ruta GET /favicon.ico no está implementada"}
{"level":40,"time":1670520367360,"pid":4710,"hostname":"MacBook-Pro-de-Christian.local","msg":"Ruta GET /favicon.ico no está implementada"}
{"level":40,"time":1670520376360,"pid":4710,"hostname":"MacBook-Pro-de-Christian.local","msg":"Ruta GET /favicon.ico no está implementada"}
{"level":40,"time":1670520376865,"pid":4710,"hostname":"MacBook-Pro-de-Christian.local","msg":"Ruta GET /logout no está implementada"}
{"level":40,"time":1670520377067,"pid":4710,"hostname":"MacBook-Pro-de-Christian.local","msg":"Ruta GET /favicon.ico no está implementada"}
{"level":40,"time":1670520440283,"pid":4761,"hostname":"MacBook-Pro-de-Christian.local","msg":"Ruta GET /favicon.ico no está implementada"}
{"level":40,"time":1670520447461,"pid":4761,"hostname":"MacBook-Pro-de-Christian.local","msg":"Ruta GET /favicon.ico no está implementada"}
{"level":40,"time":1670520447797,"pid":4761,"hostname":"MacBook-Pro-de-Christian.local","msg":"Ruta GET /favicon.ico no está implementada"}
{"level":40,"time":1670520449488,"pid":4761,"hostname":"MacBook-Pro-de-Christian.local","msg":"Ruta GET /favicon.ico no está implementada"}
{"level":40,"time":1670520853541,"pid":4923,"hostname":"MacBook-Pro-de-Christian.local","msg":"Ruta GET /favicon.ico no está implementada"}
{"level":40,"time":1670520866191,"pid":4923,"hostname":"MacBook-Pro-de-Christian.local","msg":"Ruta GET /favicon.ico no está implementada"}
{"level":40,"time":1670520866391,"pid":4923,"hostname":"MacBook-Pro-de-Christian.local","msg":"Ruta GET /favicon.ico no está implementada"}
{"level":40,"time":1670520867366,"pid":4923,"hostname":"MacBook-Pro-de-Christian.local","msg":"Ruta GET /favicon.ico no está implementada"}
{"level":40,"time":1670520871107,"pid":4923,"hostname":"MacBook-Pro-de-Christian.local","msg":"Ruta GET /favicon.ico no está implementada"}
{"level":40,"time":1670520873381,"pid":4923,"hostname":"MacBook-Pro-de-Christian.local","msg":"Ruta GET /favicon.ico no está implementada"}
{"level":40,"time":1670520874812,"pid":4923,"hostname":"MacBook-Pro-de-Christian.local","msg":"Ruta GET /favicon.ico no está implementada"}
{"level":40,"time":1670521031996,"pid":5016,"hostname":"MacBook-Pro-de-Christian.local","msg":"Ruta GET /favicon.ico no está implementada"}
{"level":40,"time":1670521032619,"pid":5016,"hostname":"MacBook-Pro-de-Christian.local","msg":"Ruta GET /favicon.ico no está implementada"}
{"level":40,"time":1670521034130,"pid":5016,"hostname":"MacBook-Pro-de-Christian.local","msg":"Ruta GET /favicon.ico no está implementada"}
{"level":40,"time":1670521254597,"pid":5119,"hostname":"MacBook-Pro-de-Christian.local","msg":"Ruta GET /favicon.ico no está implementada"}
{"level":40,"time":1670521267800,"pid":5119,"hostname":"MacBook-Pro-de-Christian.local","msg":"Ruta GET /favicon.ico no está implementada"}
{"level":40,"time":1670521274781,"pid":5119,"hostname":"MacBook-Pro-de-Christian.local","msg":"Ruta GET /favicon.ico no está implementada"}
{"level":40,"time":1670521276328,"pid":5119,"hostname":"MacBook-Pro-de-Christian.local","msg":"Ruta GET /favicon.ico no está implementada"}
{"level":40,"time":1671410081238,"pid":2735,"hostname":"MacBook-Pro-de-Christian.local","msg":"Ruta GET /favicon.ico no está implementada"}
{"level":40,"time":1671410095409,"pid":2735,"hostname":"MacBook-Pro-de-Christian.local","msg":"Ruta GET /favicon.ico no está implementada"}
{"level":40,"time":1671410096183,"pid":2735,"hostname":"MacBook-Pro-de-Christian.local","msg":"Ruta GET /favicon.ico no está implementada"}
{"level":40,"time":1671410098046,"pid":2735,"hostname":"MacBook-Pro-de-Christian.local","msg":"Ruta GET /favicon.ico no está implementada"}
{"level":40,"time":1671410099859,"pid":2735,"hostname":"MacBook-Pro-de-Christian.local","msg":"Ruta GET /favicon.ico no está implementada"}
{"level":40,"time":1671410100806,"pid":2735,"hostname":"MacBook-Pro-de-Christian.local","msg":"Ruta GET /favicon.ico no está implementada"}
{"level":40,"time":1671413866942,"pid":4141,"hostname":"MacBook-Pro-de-Christian.local","msg":"Ruta GET /favicon.ico no está implementada"}
{"level":40,"time":1671413874181,"pid":4141,"hostname":"MacBook-Pro-de-Christian.local","msg":"Ruta GET /favicon.ico no está implementada"}
{"level":40,"time":1671413886882,"pid":4141,"hostname":"MacBook-Pro-de-Christian.local","msg":"Ruta GET /favicon.ico no está implementada"}
{"level":40,"time":1671413888163,"pid":4141,"hostname":"MacBook-Pro-de-Christian.local","msg":"Ruta GET /favicon.ico no está implementada"}
{"level":40,"time":1671507557693,"pid":4533,"hostname":"MacBook-Pro-de-Christian.local","msg":"Ruta GET /favicon.ico no está implementada"}
{"level":40,"time":1671507569812,"pid":4533,"hostname":"MacBook-Pro-de-Christian.local","msg":"Ruta GET /favicon.ico no está implementada"}
{"level":40,"time":1671507766617,"pid":4621,"hostname":"MacBook-Pro-de-Christian.local","msg":"Ruta GET /favicon.ico no está implementada"}
{"level":40,"time":1671507780224,"pid":4621,"hostname":"MacBook-Pro-de-Christian.local","msg":"Ruta GET /favicon.ico no está implementada"}
{"level":40,"time":1671507872501,"pid":4664,"hostname":"MacBook-Pro-de-Christian.local","msg":"Ruta GET /favicon.ico no está implementada"}
{"level":40,"time":1671507877361,"pid":4664,"hostname":"MacBook-Pro-de-Christian.local","msg":"Ruta GET /favicon.ico no está implementada"}
{"level":40,"time":1671508162985,"pid":4832,"hostname":"MacBook-Pro-de-Christian.local","msg":"Ruta GET /favicon.ico no está implementada"}
{"level":40,"time":1671508167700,"pid":4832,"hostname":"MacBook-Pro-de-Christian.local","msg":"Ruta GET /favicon.ico no está implementada"}
{"level":40,"time":1671508427443,"pid":4968,"hostname":"MacBook-Pro-de-Christian.local","msg":"Ruta GET /favicon.ico no está implementada"}
{"level":40,"time":1671508432296,"pid":4968,"hostname":"MacBook-Pro-de-Christian.local","msg":"Ruta GET /favicon.ico no está implementada"}
{"level":40,"time":1671548272599,"pid":5274,"hostname":"MacBook-Pro-de-Christian.local","msg":"Ruta GET /favicon.ico no está implementada"}
{"level":40,"time":1671548289087,"pid":5274,"hostname":"MacBook-Pro-de-Christian.local","msg":"Ruta GET /favicon.ico no está implementada"}
{"level":40,"time":1671548464236,"pid":5338,"hostname":"MacBook-Pro-de-Christian.local","msg":"Ruta GET /favicon.ico no está implementada"}
{"level":40,"time":1671548470413,"pid":5338,"hostname":"MacBook-Pro-de-Christian.local","msg":"Ruta GET /favicon.ico no está implementada"}
{"level":40,"time":1671548553021,"pid":5377,"hostname":"MacBook-Pro-de-Christian.local","msg":"Ruta GET /favicon.ico no está implementada"}
{"level":40,"time":1671548557564,"pid":5377,"hostname":"MacBook-Pro-de-Christian.local","msg":"Ruta GET /favicon.ico no está implementada"}
{"level":40,"time":1671550116211,"pid":5739,"hostname":"MacBook-Pro-de-Christian.local","msg":"Ruta GET /favicon.ico no está implementada"}
{"level":40,"time":1671550121840,"pid":5739,"hostname":"MacBook-Pro-de-Christian.local","msg":"Ruta GET /favicon.ico no está implementada"}
{"level":40,"time":1671550534106,"pid":5906,"hostname":"MacBook-Pro-de-Christian.local","msg":"Ruta GET /favicon.ico no está implementada"}
{"level":40,"time":1671550538272,"pid":5906,"hostname":"MacBook-Pro-de-Christian.local","msg":"Ruta GET /favicon.ico no está implementada"}
{"level":40,"time":1671550632089,"pid":5966,"hostname":"MacBook-Pro-de-Christian.local","msg":"Ruta GET /favicon.ico no está implementada"}
{"level":40,"time":1671550636668,"pid":5966,"hostname":"MacBook-Pro-de-Christian.local","msg":"Ruta GET /favicon.ico no está implementada"}
{"level":40,"time":1671550726284,"pid":5991,"hostname":"MacBook-Pro-de-Christian.local","msg":"Ruta GET /favicon.ico no está implementada"}
{"level":40,"time":1671550731035,"pid":5991,"hostname":"MacBook-Pro-de-Christian.local","msg":"Ruta GET /favicon.ico no está implementada"}
{"level":40,"time":1671550942264,"pid":6092,"hostname":"MacBook-Pro-de-Christian.local","msg":"Ruta GET /favicon.ico no está implementada"}
{"level":40,"time":1671550948680,"pid":6092,"hostname":"MacBook-Pro-de-Christian.local","msg":"Ruta GET /favicon.ico no está implementada"}
{"level":40,"time":1671551372443,"pid":6211,"hostname":"MacBook-Pro-de-Christian.local","msg":"Ruta GET /favicon.ico no está implementada"}
{"level":40,"time":1671552986914,"pid":6532,"hostname":"MacBook-Pro-de-Christian.local","msg":"Ruta GET /favicon.ico no está implementada"}
{"level":40,"time":1671552995303,"pid":6532,"hostname":"MacBook-Pro-de-Christian.local","msg":"Ruta GET /favicon.ico no está implementada"}
{"level":40,"time":1671553045450,"pid":6584,"hostname":"MacBook-Pro-de-Christian.local","msg":"Ruta GET /favicon.ico no está implementada"}
{"level":40,"time":1671553049315,"pid":6584,"hostname":"MacBook-Pro-de-Christian.local","msg":"Ruta GET /favicon.ico no está implementada"}
{"level":40,"time":1671553095163,"pid":6614,"hostname":"MacBook-Pro-de-Christian.local","msg":"Ruta GET /favicon.ico no está implementada"}
{"level":40,"time":1671553100593,"pid":6614,"hostname":"MacBook-Pro-de-Christian.local","msg":"Ruta GET /favicon.ico no está implementada"}
{"level":40,"time":1671562912771,"pid":6745,"hostname":"MacBook-Pro-de-Christian.local","msg":"Ruta GET /favicon.ico no está implementada"}
{"level":40,"time":1671562921611,"pid":6745,"hostname":"MacBook-Pro-de-Christian.local","msg":"Ruta GET /favicon.ico no está implementada"}
{"level":40,"time":1671563224667,"pid":6884,"hostname":"MacBook-Pro-de-Christian.local","msg":"Ruta GET /favicon.ico no está implementada"}
{"level":40,"time":1671563229671,"pid":6884,"hostname":"MacBook-Pro-de-Christian.local","msg":"Ruta GET /favicon.ico no está implementada"}
{"level":40,"time":1671563542907,"pid":7020,"hostname":"MacBook-Pro-de-Christian.local","msg":"Ruta GET /favicon.ico no está implementada"}
{"level":40,"time":1671563548147,"pid":7020,"hostname":"MacBook-Pro-de-Christian.local","msg":"Ruta GET /favicon.ico no está implementada"}
{"level":40,"time":1671564363617,"pid":7233,"hostname":"MacBook-Pro-de-Christian.local","msg":"Ruta GET /favicon.ico no está implementada"}
{"level":40,"time":1671564368413,"pid":7233,"hostname":"MacBook-Pro-de-Christian.local","msg":"Ruta GET /favicon.ico no está implementada"}
{"level":40,"time":1671564460522,"pid":7273,"hostname":"MacBook-Pro-de-Christian.local","msg":"Ruta GET /favicon.ico no está implementada"}
{"level":40,"time":1671564465134,"pid":7273,"hostname":"MacBook-Pro-de-Christian.local","msg":"Ruta GET /favicon.ico no está implementada"}
{"level":40,"time":1671564512157,"pid":7303,"hostname":"MacBook-Pro-de-Christian.local","msg":"Ruta GET /favicon.ico no está implementada"}
{"level":40,"time":1671564515953,"pid":7303,"hostname":"MacBook-Pro-de-Christian.local","msg":"Ruta GET /favicon.ico no está implementada"}
{"level":40,"time":1671586937866,"pid":7636,"hostname":"MacBook-Pro-de-Christian.local","msg":"Ruta GET /favicon.ico no está implementada"}
{"level":40,"time":1671587128911,"pid":7713,"hostname":"MacBook-Pro-de-Christian.local","msg":"Ruta GET /favicon.ico no está implementada"}
{"level":40,"time":1671587133072,"pid":7713,"hostname":"MacBook-Pro-de-Christian.local","msg":"Ruta GET /favicon.ico no está implementada"}
{"level":40,"time":1673218715171,"pid":24961,"hostname":"Christians-MacBook-Pro.local","msg":"Ruta GET /favicon.ico no está implementada"}
{"level":40,"time":1673218725906,"pid":24961,"hostname":"Christians-MacBook-Pro.local","msg":"Ruta GET /favicon.ico no está implementada"}
{"level":40,"time":1673219271665,"pid":25710,"hostname":"Christians-MacBook-Pro.local","msg":"Ruta GET /favicon.ico no está implementada"}
{"level":40,"time":1673219411815,"pid":26249,"hostname":"Christians-MacBook-Pro.local","msg":"Ruta GET /favicon.ico no está implementada"}
{"level":40,"time":1673219415399,"pid":26249,"hostname":"Christians-MacBook-Pro.local","msg":"Ruta GET /favicon.ico no está implementada"}
{"level":40,"time":1673219524171,"pid":26391,"hostname":"Christians-MacBook-Pro.local","msg":"Ruta GET /favicon.ico no está implementada"}
{"level":40,"time":1673219528139,"pid":26391,"hostname":"Christians-MacBook-Pro.local","msg":"Ruta GET /favicon.ico no está implementada"}
{"level":40,"time":1673219549760,"pid":26391,"hostname":"Christians-MacBook-Pro.local","msg":"Ruta GET /favicon.ico no está implementada"}
{"level":40,"time":1673219550899,"pid":26391,"hostname":"Christians-MacBook-Pro.local","msg":"Ruta GET /favicon.ico no está implementada"}
{"level":40,"time":1673222931132,"pid":27401,"hostname":"Christians-MacBook-Pro.local","msg":"Ruta GET /favicon.ico no está implementada"}
{"level":40,"time":1673291742629,"pid":4964,"hostname":"Christians-MacBook-Pro.local","msg":"Ruta GET /favicon.ico no está implementada"}
{"level":40,"time":1673291839581,"pid":5725,"hostname":"Christians-MacBook-Pro.local","msg":"Ruta GET /favicon.ico no está implementada"}
{"level":40,"time":1673291843749,"pid":5725,"hostname":"Christians-MacBook-Pro.local","msg":"Ruta GET /favicon.ico no está implementada"}
{"level":40,"time":1673291852093,"pid":5725,"hostname":"Christians-MacBook-Pro.local","msg":"Ruta GET /favicon.ico no está implementada"}
{"level":40,"time":1673291853344,"pid":5725,"hostname":"Christians-MacBook-Pro.local","msg":"Ruta GET /favicon.ico no está implementada"}
{"level":40,"time":1673291888158,"pid":5831,"hostname":"Christians-MacBook-Pro.local","msg":"Ruta GET /favicon.ico no está implementada"}
{"level":40,"time":1673291892053,"pid":5831,"hostname":"Christians-MacBook-Pro.local","msg":"Ruta GET /favicon.ico no está implementada"}
{"level":40,"time":1673293106353,"pid":7221,"hostname":"Christians-MacBook-Pro.local","msg":"Ruta GET /favicon.ico no está implementada"}
{"level":40,"time":1673293116800,"pid":7221,"hostname":"Christians-MacBook-Pro.local","msg":"Ruta GET /favicon.ico no está implementada"}
{"level":40,"time":1673293133766,"pid":7221,"hostname":"Christians-MacBook-Pro.local","msg":"Ruta GET /favicon.ico no está implementada"}
{"level":40,"time":1673293400509,"pid":7557,"hostname":"Christians-MacBook-Pro.local","msg":"Ruta GET /favicon.ico no está implementada"}
{"level":40,"time":1673295070980,"pid":8305,"hostname":"Christians-MacBook-Pro.local","msg":"Ruta GET /favicon.ico no está implementada"}
{"level":40,"time":1673295074849,"pid":8305,"hostname":"Christians-MacBook-Pro.local","msg":"Ruta GET /favicon.ico no está implementada"}
{"level":40,"time":1673295080626,"pid":8305,"hostname":"Christians-MacBook-Pro.local","msg":"Ruta GET /favicon.ico no está implementada"}
{"level":40,"time":1673295081492,"pid":8305,"hostname":"Christians-MacBook-Pro.local","msg":"Ruta GET /favicon.ico no está implementada"}
{"level":40,"time":1673295089204,"pid":8305,"hostname":"Christians-MacBook-Pro.local","msg":"Ruta GET /favicon.ico no está implementada"}
{"level":40,"time":1673295104903,"pid":8305,"hostname":"Christians-MacBook-Pro.local","msg":"Ruta GET /favicon.ico no está implementada"}
{"level":40,"time":1673296783346,"pid":12000,"hostname":"Christians-MacBook-Pro.local","msg":"Ruta GET /favicon.ico no está implementada"}
{"level":40,"time":1673299604612,"pid":14502,"hostname":"Christians-MacBook-Pro.local","msg":"Ruta GET /favicon.ico no está implementada"}
{"level":40,"time":1673300755511,"pid":16282,"hostname":"Christians-MacBook-Pro.local","msg":"Ruta GET /favicon.ico no está implementada"}
{"level":40,"time":1673300771951,"pid":16282,"hostname":"Christians-MacBook-Pro.local","msg":"Ruta GET /favicon.ico no está implementada"}
{"level":40,"time":1673300827064,"pid":16444,"hostname":"Christians-MacBook-Pro.local","msg":"Ruta GET /favicon.ico no está implementada"}
{"level":40,"time":1673321630983,"pid":21958,"hostname":"Christians-MacBook-Pro.local","msg":"Ruta GET /api-prdos no está implementada"}
{"level":40,"time":1673321666002,"pid":22495,"hostname":"Christians-MacBook-Pro.local","msg":"Ruta GET /api-prdos no está implementada"}
{"level":40,"time":1673323655695,"pid":23201,"hostname":"Christians-MacBook-Pro.local","msg":"Ruta GET /favicon.ico no está implementada"}
{"level":40,"time":1673323671076,"pid":23201,"hostname":"Christians-MacBook-Pro.local","msg":"Ruta GET /api-prdos no está implementada"}
{"level":40,"time":1673323716468,"pid":23201,"hostname":"Christians-MacBook-Pro.local","msg":"Ruta GET /favicon.ico no está implementada"}
{"level":40,"time":1673323831179,"pid":23406,"hostname":"Christians-MacBook-Pro.local","msg":"Ruta GET /api-prdos no está implementada"}
{"level":40,"time":1673372040426,"pid":27227,"hostname":"Christians-MacBook-Pro.local","msg":"Ruta GET /favicon.ico no está implementada"}
{"level":40,"time":1673372043814,"pid":27227,"hostname":"Christians-MacBook-Pro.local","msg":"Ruta GET /favicon.ico no está implementada"}
{"level":40,"time":1673373422882,"pid":28411,"hostname":"Christians-MacBook-Pro.local","msg":"Ruta GET /favicon.ico no está implementada"}
{"level":40,"time":1673373426229,"pid":28411,"hostname":"Christians-MacBook-Pro.local","msg":"Ruta GET /favicon.ico no está implementada"}
{"level":40,"time":1673400999654,"pid":5819,"hostname":"Christians-MacBook-Pro.local","msg":"Ruta GET /favicon.ico no está implementada"}
{"level":40,"time":1673401003445,"pid":5819,"hostname":"Christians-MacBook-Pro.local","msg":"Ruta GET /favicon.ico no está implementada"}
{"level":40,"time":1673903119023,"pid":4425,"hostname":"Christians-MacBook-Pro.local","msg":"Ruta GET /favicon.ico no está implementada"}
{"level":40,"time":1673903122818,"pid":4425,"hostname":"Christians-MacBook-Pro.local","msg":"Ruta GET /favicon.ico no está implementada"}
{"level":40,"time":1673903137499,"pid":4425,"hostname":"Christians-MacBook-Pro.local","msg":"Ruta GET /favicon.ico no está implementada"}
{"level":40,"time":1673903138316,"pid":4425,"hostname":"Christians-MacBook-Pro.local","msg":"Ruta GET /favicon.ico no está implementada"}
{"level":40,"time":1673931578123,"pid":6869,"hostname":"Christians-MacBook-Pro.local","msg":"Ruta GET /favicon.ico no está implementada"}
{"level":40,"time":1673931583616,"pid":6869,"hostname":"Christians-MacBook-Pro.local","msg":"Ruta GET /favicon.ico no está implementada"}
{"level":40,"time":1673931598272,"pid":6869,"hostname":"Christians-MacBook-Pro.local","msg":"Ruta GET /favicon.ico no está implementada"}
{"level":40,"time":1673974455016,"pid":8905,"hostname":"Christians-MacBook-Pro.local","msg":"Ruta GET /favicon.ico no está implementada"}
{"level":40,"time":1673974462919,"pid":8905,"hostname":"Christians-MacBook-Pro.local","msg":"Ruta GET /favicon.ico no está implementada"}
